<?xml version="1.0" encoding="UTF-8"?>
<!-- Generated by org.testng.reporters.JUnitXMLReporter -->
<testsuite hostname="RPIPL-NB-DL069" name="Test" tests="6" failures="0" timestamp="13 Jul 2020 19:31:02 GMT" time="270.516" errors="0">
  <testcase name="createLease" time="72.024" classname="testScripts.leases.CreateNewLeaseTest"/>
  <testcase name="createLeaseWithExistingContact" time="37.438" classname="testScripts.leases.NewLeaseWithExistingContactTest"/>
  <testcase name="createLeaseWithLeaseForm" time="39.333" classname="testScripts.leases.NewLeaseWithLeaseFormTest"/>
  <testcase name="createLeaseWithLFAndExistingContact" time="39.81" classname="testScripts.leases.NewLeaseWithLFAndExistingContactTest"/>
  <testcase name="createNewLeasefromLedgerPage" time="40.783" classname="testScripts.leases.CreateNewLeasefromLedgerTest"/>
  <testcase name="createNewLeasefromSummaryPage" time="41.06" classname="testScripts.leases.CreateNewLeasefromSummaryTest"/>
</testsuite> <!-- Test -->
